<?xml version="1.0" encoding="UTF-8"?>
<!-- Generated by org.testng.reporters.JUnitReportReporter -->
<testsuite hostname="GT0007" failures="0" tests="6" name="practo_test.Practo_Test" time="119.628" errors="0" timestamp="2024-09-25T12:05:22 IST" skipped="0">
  <testcase classname="practo_test.Practo_Test" name="check_speciality" time="15.359"/>
  <testcase classname="practo_test.Practo_Test" name="check_speciality" time="16.486"/>
  <testcase classname="practo_test.Practo_Test" name="check_name_time_date" time="22.024"/>
  <testcase classname="practo_test.Practo_Test" name="check_name_time_date" time="24.844"/>
  <testcase classname="practo_test.Practo_Test" name="check_filteration" time="21.421"/>
  <testcase classname="practo_test.Practo_Test" name="check_filteration" time="19.494"/>
</testsuite> <!-- practo_test.Practo_Test -->
